<?xml version="1.0" encoding="UTF-8"?>
<!-- Generated by org.testng.reporters.JUnitReportReporter -->
<testsuite hostname="Amols-MacBook-Pro.local" failures="0" tests="1" name="BrokenLinkTest.LeadSubmission" time="6.580" errors="0" timestamp="2024-06-29T09:56:56 GST" skipped="0">
  <testcase classname="BrokenLinkTest.LeadSubmission" name="menuTitleLink" time="6.580"/>
</testsuite> <!-- BrokenLinkTest.LeadSubmission -->
