<?xml version="1.0" encoding="UTF-8"?>
<!-- Generated by org.testng.reporters.JUnitReportReporter -->
<testsuite hostname="Amols-MacBook-Pro.local" failures="0" tests="1" name="BrokenLinkTest.BrokenLinks" time="33.857" errors="0" timestamp="2024-06-29T09:28:16 GST" skipped="0">
  <testcase classname="BrokenLinkTest.BrokenLinks" name="menuTitleLink" time="33.857"/>
</testsuite> <!-- BrokenLinkTest.BrokenLinks -->
