<?xml version="1.0" encoding="UTF-8"?>
<!-- Generated by org.testng.reporters.JUnitReportReporter -->
<testsuite hostname="Amols-MacBook-Pro.local" failures="0" tests="2" name="TestClasses.HandlingAccordian" time="1.106" errors="0" timestamp="2024-10-24T21:58:18 GST" skipped="1">
  <testcase classname="TestClasses.HandlingAccordian" name="test" time="1.106"/>
  <testcase classname="TestClasses.HandlingAccordian" name="goToPropType">
    <skipped/>
  </testcase> <!-- goToPropType -->
</testsuite> <!-- TestClasses.HandlingAccordian -->
