<?xml version="1.0" encoding="UTF-8"?>
<!-- Generated by org.testng.reporters.JUnitReportReporter -->
<testsuite hostname="Amols-MacBook-Pro.local" failures="0" tests="1" name="SignUp.NewUser" time="8.143" errors="0" timestamp="2024-04-09T11:43:52 GMT-07:00" skipped="0">
  <testcase classname="SignUp.NewUser" name="signUpTest" time="8.143"/>
</testsuite> <!-- SignUp.NewUser -->
