<?xml version="1.0" encoding="UTF-8"?>
<!-- Generated by org.testng.reporters.JUnitReportReporter -->
<testsuite hostname="Amols-MacBook-Pro.local" failures="0" tests="2" name="SignUp.LogIn" time="11.342" errors="0" timestamp="2024-04-10T04:15:58 GMT-07:00" skipped="0">
  <testcase classname="SignUp.LogIn" name="logInTest" time="6.190"/>
  <testcase classname="SignUp.LogIn" name="logInTest" time="5.152"/>
</testsuite> <!-- SignUp.LogIn -->
